<?xml version="1.0" encoding="UTF-8"?>
<!-- Generated by org.testng.reporters.JUnitReportReporter -->
<testsuite skipped="0" hostname="DESKTOP-AK1KKB2" name="unittest.PatientTest" tests="2" failures="0" timestamp="2021-09-09T19:10:48 EDT" time="0.595" errors="0">
  <testcase name="PatientTestUpdate" time="0.021" classname="unittest.PatientTest"/>
  <system-out/>
  <testcase name="PatientTestNew" time="0.574" classname="unittest.PatientTest"/>
  <system-out/>
</testsuite> <!-- unittest.PatientTest -->
