<?xml version="1.0" encoding="UTF-8"?>
<!-- Generated by org.testng.reporters.JUnitReportReporter -->
<testsuite skipped="0" hostname="DESKTOP-AK1KKB2" name="unittest.AppointmentTest" tests="2" failures="0" timestamp="2021-09-09T19:11:06 EDT" time="0.596" errors="0">
  <testcase name="AppointmentTestUpdate" time="0.018" classname="unittest.AppointmentTest"/>
  <system-out/>
  <testcase name="AppointmentTestNew" time="0.578" classname="unittest.AppointmentTest"/>
  <system-out/>
</testsuite> <!-- unittest.AppointmentTest -->
