<?xml version="1.0" encoding="UTF-8"?>
<!-- Generated by org.testng.reporters.JUnitReportReporter -->
<testsuite skipped="0" hostname="DESKTOP-AK1KKB2" name="unittest.BranchTest" tests="2" failures="0" timestamp="2021-09-09T19:10:59 EDT" time="0.598" errors="0">
  <testcase name="BranchTestUpdate" time="0.018" classname="unittest.BranchTest"/>
  <system-out/>
  <testcase name="BranchTestNew" time="0.580" classname="unittest.BranchTest"/>
  <system-out/>
</testsuite> <!-- unittest.BranchTest -->
