<?xml version="1.0" encoding="UTF-8"?>
<!-- Generated by org.testng.reporters.JUnitReportReporter -->
<testsuite skipped="0" hostname="DESKTOP-AK1KKB2" name="unittest.AppointmentTest" tests="4" failures="0" timestamp="2021-09-21T13:59:57 EDT" time="0.670" errors="0">
  <testcase name="AppointmentTestNew" time="0.024" classname="unittest.AppointmentTest"/>
  <system-out/>
  <testcase name="AppointmentTestDelete" time="0.606" classname="unittest.AppointmentTest"/>
  <system-out/>
  <testcase name="AppointmentTestRead" time="0.010" classname="unittest.AppointmentTest"/>
  <system-out/>
  <testcase name="AppointmentTestUpdate" time="0.030" classname="unittest.AppointmentTest"/>
  <system-out/>
</testsuite> <!-- unittest.AppointmentTest -->
