<?xml version="1.0" encoding="UTF-8"?>
<!-- Generated by org.testng.reporters.JUnitReportReporter -->
<testsuite skipped="0" hostname="DESKTOP-AK1KKB2" name="unittest.PatientTest" tests="4" failures="0" timestamp="2021-09-16T14:08:43 EDT" time="0.595" errors="0">
  <testcase name="PatientTestUpdate" time="0.016" classname="unittest.PatientTest"/>
  <system-out/>
  <testcase name="PatientTestNew" time="0.013" classname="unittest.PatientTest"/>
  <system-out/>
  <testcase name="PatientTestDelete" time="0.562" classname="unittest.PatientTest"/>
  <system-out/>
  <testcase name="PatientTestRead" time="0.004" classname="unittest.PatientTest"/>
  <system-out/>
</testsuite> <!-- unittest.PatientTest -->
