<?xml version="1.0" encoding="UTF-8"?>
<!-- Generated by org.testng.reporters.JUnitReportReporter -->
<testsuite skipped="0" hostname="DESKTOP-AK1KKB2" name="tests.AppointmentTest" tests="4" failures="0" timestamp="2021-10-04T12:02:37 EDT" time="1.162" errors="0">
  <testcase name="AppointmentTestNew" time="0.113" classname="tests.AppointmentTest"/>
  <system-out/>
  <testcase name="AppointmentTestUpdate" time="0.221" classname="tests.AppointmentTest"/>
  <system-out/>
  <testcase name="AppointmentTestDelete" time="0.709" classname="tests.AppointmentTest"/>
  <system-out/>
  <testcase name="AppointmentTestRead" time="0.119" classname="tests.AppointmentTest"/>
  <system-out/>
</testsuite> <!-- tests.AppointmentTest -->
