<?xml version="1.0" encoding="UTF-8"?>
<!-- Generated by org.testng.reporters.JUnitReportReporter -->
<testsuite skipped="0" hostname="DESKTOP-AK1KKB2" name="unittest.AppointmentTest" tests="4" failures="0" timestamp="2021-09-22T13:45:54 EDT" time="1.053" errors="0">
  <testcase name="AppointmentTestNew" time="0.060" classname="unittest.AppointmentTest"/>
  <system-out/>
  <testcase name="AppointmentTestUpdate" time="0.225" classname="unittest.AppointmentTest"/>
  <system-out/>
  <testcase name="AppointmentTestDelete" time="0.652" classname="unittest.AppointmentTest"/>
  <system-out/>
  <testcase name="AppointmentTestRead" time="0.116" classname="unittest.AppointmentTest"/>
  <system-out/>
</testsuite> <!-- unittest.AppointmentTest -->
