<?xml version="1.0" encoding="UTF-8"?>
<!-- Generated by org.testng.reporters.JUnitReportReporter -->
<testsuite skipped="0" hostname="DESKTOP-AK1KKB2" name="unittest.BranchTest" tests="4" failures="0" timestamp="2021-09-16T13:56:20 EDT" time="0.686" errors="0">
  <testcase name="BranchTestUpdate" time="0.028" classname="unittest.BranchTest"/>
  <system-out/>
  <testcase name="BranchTestNew" time="0.012" classname="unittest.BranchTest"/>
  <system-out/>
  <testcase name="BranchTestDelete" time="0.634" classname="unittest.BranchTest"/>
  <system-out/>
  <testcase name="BranchTestRead" time="0.012" classname="unittest.BranchTest"/>
  <system-out/>
</testsuite> <!-- unittest.BranchTest -->
