<?xml version="1.0" encoding="UTF-8"?>
<!-- Generated by org.testng.reporters.JUnitReportReporter -->
<testsuite skipped="0" hostname="DESKTOP-AK1KKB2" name="unittest.AppointmentTest" tests="4" failures="0" timestamp="2021-09-16T12:57:30 EDT" time="0.636" errors="0">
  <testcase name="AppointmentTestNew" time="0.015" classname="unittest.AppointmentTest"/>
  <system-out/>
  <testcase name="AppointmentTestDelete" time="0.585" classname="unittest.AppointmentTest"/>
  <system-out/>
  <testcase name="AppointmentTestRead" time="0.010" classname="unittest.AppointmentTest"/>
  <system-out/>
  <testcase name="AppointmentTestUpdate" time="0.026" classname="unittest.AppointmentTest"/>
  <system-out/>
</testsuite> <!-- unittest.AppointmentTest -->
